<?xml version="1.0" encoding="UTF-8"?>
<testsuite name="com.example.board01.DataSourceTest" tests="1" skipped="0" failures="0" errors="0" timestamp="2025-03-31T01:32:24.594Z" hostname="DESKTOP-R4K628H" time="0.972">
  <properties/>
  <testcase name="deleteTest()" classname="com.example.board01.DataSourceTest" time="0.972"/>
  <system-out><![CDATA[10:32:22.812 [Test worker] INFO org.springframework.test.context.support.AnnotationConfigContextLoaderUtils -- Could not detect default configuration classes for test class [com.example.board01.DataSourceTest]: DataSourceTest does not declare any static, non-private, non-final, nested classes annotated with @Configuration.
10:32:22.915 [Test worker] INFO org.springframework.boot.test.context.SpringBootTestContextBootstrapper -- Found @SpringBootConfiguration com.example.board01.Board01Application for test class com.example.board01.DataSourceTest

  .   ____          _            __ _ _
 /\\ / ___'_ __ _ _(_)_ __  __ _ \ \ \ \
( ( )\___ | '_ | '_| | '_ \/ _` | \ \ \ \
 \\/  ___)| |_)| | | | | || (_| |  ) ) ) )
  '  |____| .__|_| |_|_| |_\__, | / / / /
 =========|_|==============|___/=/_/_/_/

 :: Spring Boot ::                (v3.4.4)

2025-03-31T10:32:23.321+09:00  INFO 9024 --- [    Test worker] com.example.board01.DataSourceTest       : Starting DataSourceTest using Java 17.0.13 with PID 9024 (started by it in C:\SpringBoot_Work\board01)
2025-03-31T10:32:23.322+09:00 DEBUG 9024 --- [    Test worker] com.example.board01.DataSourceTest       : Running with Spring Boot v3.4.4, Spring v6.2.5
2025-03-31T10:32:23.323+09:00  INFO 9024 --- [    Test worker] com.example.board01.DataSourceTest       : No active profile set, falling back to 1 default profile: "default"
2025-03-31T10:32:24.574+09:00  INFO 9024 --- [    Test worker] com.example.board01.DataSourceTest       : Started DataSourceTest in 1.483 seconds (process running for 2.493)
2025-03-31T10:32:25.254+09:00  INFO 9024 --- [    Test worker] com.zaxxer.hikari.HikariDataSource       : HikariPool-1 - Starting...
2025-03-31T10:32:25.507+09:00  INFO 9024 --- [    Test worker] com.zaxxer.hikari.pool.HikariPool        : HikariPool-1 - Added connection com.mysql.cj.jdbc.ConnectionImpl@6528d339
2025-03-31T10:32:25.509+09:00  INFO 9024 --- [    Test worker] com.zaxxer.hikari.HikariDataSource       : HikariPool-1 - Start completed.
2025-03-31T10:32:25.516+09:00 DEBUG 9024 --- [    Test worker] c.e.b.mapper.BoardMapper.deleteByBno     : ==>  Preparing: delete from tbl_board where bno=?
2025-03-31T10:32:25.541+09:00 DEBUG 9024 --- [    Test worker] c.e.b.mapper.BoardMapper.deleteByBno     : ==> Parameters: 1(Integer)
2025-03-31T10:32:25.550+09:00 DEBUG 9024 --- [    Test worker] c.e.b.mapper.BoardMapper.deleteByBno     : <==    Updates: 1
]]></system-out>
  <system-err><![CDATA[]]></system-err>
</testsuite>
